{"uuid":"13650afa-f1cc-4085-b548-a23928acc60c","historyId":"698d60451567016253897f80766cb7b5setUp@0","fullName":"com.browserstack.checkout.shoppingbag.ShoppingBagTest.testCase_SP_02","labels":[{"name":"package","value":"com.browserstack.checkout.shoppingbag.ShoppingBagTest"},{"name":"testClass","value":"com.browserstack.checkout.shoppingbag.ShoppingBagTest"},{"name":"testMethod","value":"testCase_SP_02"},{"name":"parentSuite","value":"Cross-Platform"},{"name":"suite","value":"CheckOut-0"},{"name":"subSuite","value":"com.browserstack.checkout.shoppingbag.ShoppingBagTest"},{"name":"host","value":"DESKTOP-Q7LO1TI"},{"name":"thread","value":"19508@DESKTOP-Q7LO1TI.setUp@0(44)"},{"name":"framework","value":"testng"},{"name":"language","value":"java"}],"links":[],"name":"testCase_SP_02","status":"broken","statusDetails":{"known":false,"muted":false,"flaky":false,"message":"Expected condition failed: waiting for presence of element located by: By.xpath: //button[text()='Accept All Cookies'] (tried for 50 second(s) with 500 milliseconds interval)","trace":"org.openqa.selenium.TimeoutException: Expected condition failed: waiting for presence of element located by: By.xpath: //button[text()='Accept All Cookies'] (tried for 50 second(s) with 500 milliseconds interval)\r\n\tat org.openqa.selenium.support.ui.WebDriverWait.timeoutException(WebDriverWait.java:95)\r\n\tat org.openqa.selenium.support.ui.FluentWait.until(FluentWait.java:272)\r\n\tat core.KeywordWeb.webDriverWaitForElementPresent(KeywordWeb.java:592)\r\n\tat com.browserstack.checkout.shoppingbag.ShoppingBagPage.acceptAllCookies(ShoppingBagPage.java:38)\r\n\tat com.browserstack.checkout.shoppingbag.ShoppingBagTest.commonShopping(ShoppingBagTest.java:17)\r\n\tat com.browserstack.checkout.shoppingbag.ShoppingBagTest.testCase_SP_02(ShoppingBagTest.java:37)\r\n\tat java.base/jdk.internal.reflect.DirectMethodHandleAccessor.invoke(DirectMethodHandleAccessor.java:104)\r\n\tat java.base/java.lang.reflect.Method.invoke(Method.java:578)\r\n\tat org.testng.internal.MethodInvocationHelper.invokeMethod(Unknown Source)\r\n\tat org.testng.internal.TestInvoker.a(Unknown Source)\r\n\tat org.testng.internal.TestInvoker.invokeTestMethod(Unknown Source)\r\n\tat org.testng.internal.MethodRunner.runInSequence(Unknown Source)\r\n\tat org.testng.internal.TestInvoker$MethodInvocationAgent.a(Unknown Source)\r\n\tat org.testng.internal.TestInvoker.invokeTestMethods(Unknown Source)\r\n\tat org.testng.internal.TestMethodWorker.invokeTestMethods(Unknown Source)\r\n\tat org.testng.internal.TestMethodWorker.run(Unknown Source)\r\n\tat java.base/java.util.ArrayList.forEach(ArrayList.java:1511)\r\n\tat org.testng.TestRunner.a(Unknown Source)\r\n\tat org.testng.TestRunner.run(Unknown Source)\r\n\tat org.testng.SuiteRunner.a(Unknown Source)\r\n\tat org.testng.SuiteRunner.a(Unknown Source)\r\n\tat org.testng.SuiteRunner$SuiteWorker.run(Unknown Source)\r\n\tat org.testng.internal.thread.ThreadUtil.a(Unknown Source)\r\n\tat java.base/java.util.concurrent.FutureTask.run(FutureTask.java:317)\r\n\tat java.base/java.util.concurrent.ThreadPoolExecutor.runWorker(ThreadPoolExecutor.java:1144)\r\n\tat java.base/java.util.concurrent.ThreadPoolExecutor$Worker.run(ThreadPoolExecutor.java:642)\r\n\tat java.base/java.lang.Thread.run(Thread.java:1589)\r\nCaused by: org.openqa.selenium.NoSuchElementException: An element could not be located on the page using the given search parameters.\nFor documentation on this error, please visit: https://www.seleniumhq.org/exceptions/no_such_element.html\nBuild info: version: '3.141.59', revision: 'e82be7d358', time: '2018-11-14T08:17:03'\nSystem info: host: 'DESKTOP-Q7LO1TI', ip: '192.168.31.111', os.name: 'Windows 10', os.arch: 'amd64', os.version: '10.0', java.version: '19.0.1'\nDriver info: org.openqa.selenium.safari.SafariDriver\nCapabilities {automationName: XCUITest, bootstrapPath: /usr/local/.browserstack/co..., browserName: safari, browserVersion: null, browserstack.isTargetBased: true, databaseEnabled: false, deviceName: iPhone 11, deviceOrientation: PORTRAIT, javascriptEnabled: true, keychainPassword: [REDACTED VALUE], keychainPath: [REDACTED VALUE], locationContextEnabled: false, networkConnectionEnabled: false, newCommandTimeout: 0, noReset: true, orientation: PORTRAIT, platform: MAC, platformName: MAC, realMobile: true, safariIgnoreFraudWarning: true, takesScreenshot: true, udid: 00008030-00065C94019B802E, useXctestrunFile: true, webStorageEnabled: false}\nSession ID: 39a675206dcb8ca48bdd87803f5f27a6533a3d0f\n*** Element info: {Using=xpath, value=//button[text()='Accept All Cookies']}\r\n\tat java.base/jdk.internal.reflect.DirectConstructorHandleAccessor.newInstance(DirectConstructorHandleAccessor.java:67)\r\n\tat java.base/java.lang.reflect.Constructor.newInstanceWithCaller(Constructor.java:500)\r\n\tat java.base/java.lang.reflect.Constructor.newInstance(Constructor.java:484)\r\n\tat org.openqa.selenium.remote.http.W3CHttpResponseCodec.createException(W3CHttpResponseCodec.java:187)\r\n\tat org.openqa.selenium.remote.http.W3CHttpResponseCodec.decode(W3CHttpResponseCodec.java:122)\r\n\tat org.openqa.selenium.remote.http.W3CHttpResponseCodec.decode(W3CHttpResponseCodec.java:49)\r\n\tat org.openqa.selenium.remote.HttpCommandExecutor.execute(HttpCommandExecutor.java:158)\r\n\tat org.openqa.selenium.remote.RemoteWebDriver.execute(RemoteWebDriver.java:552)\r\n\tat org.openqa.selenium.remote.RemoteWebDriver.findElement(RemoteWebDriver.java:323)\r\n\tat org.openqa.selenium.remote.RemoteWebDriver.findElementByXPath(RemoteWebDriver.java:428)\r\n\tat org.openqa.selenium.By$ByXPath.findElement(By.java:353)\r\n\tat org.openqa.selenium.remote.RemoteWebDriver.findElement(RemoteWebDriver.java:315)\r\n\tat org.openqa.selenium.support.ui.ExpectedConditions$6.apply(ExpectedConditions.java:182)\r\n\tat org.openqa.selenium.support.ui.ExpectedConditions$6.apply(ExpectedConditions.java:179)\r\n\tat org.openqa.selenium.support.ui.FluentWait.until(FluentWait.java:249)\r\n\t... 25 more\r\n"},"stage":"finished","steps":[],"attachments":[],"parameters":[{"name":"platform","value":"0"},{"name":"BSPlatform","value":"iPhone 11, 14"},{"name":"BSPlatform","value":"iPhone 11, 14"},{"name":"BSPlatform","value":"iPhone 11, 14"}],"start":1683625454686,"stop":1683625516863}