{"uuid":"608c8d68-da8e-4116-a5a3-c18e8f47e593","historyId":"5a8412aaa38528cc247e6a8481ab552eBStackDemo-0@0","fullName":"com.browserstack.SignUp.SignUpTest.testCase_SU015","labels":[{"name":"package","value":"com.browserstack.SignUp.SignUpTest"},{"name":"testClass","value":"com.browserstack.SignUp.SignUpTest"},{"name":"testMethod","value":"testCase_SU015"},{"name":"parentSuite","value":"Cross-Platform"},{"name":"suite","value":"BStackDemo-0"},{"name":"subSuite","value":"com.browserstack.SignUp.SignUpTest"},{"name":"host","value":"Admin"},{"name":"thread","value":"9836@Admin.BStackDemo-0@0(38)"},{"name":"framework","value":"testng"},{"name":"language","value":"java"}],"links":[],"name":"Create new customer and leave with blank form for required form","status":"broken","statusDetails":{"known":false,"muted":false,"flaky":false,"message":"Expected condition failed: waiting for presence of element located by: By.xpath: //button[text()='Accept All Cookies'] (tried for 50 second(s) with 500 milliseconds interval)","trace":"org.openqa.selenium.TimeoutException: Expected condition failed: waiting for presence of element located by: By.xpath: //button[text()='Accept All Cookies'] (tried for 50 second(s) with 500 milliseconds interval)\r\n\tat org.openqa.selenium.support.ui.WebDriverWait.timeoutException(WebDriverWait.java:95)\r\n\tat org.openqa.selenium.support.ui.FluentWait.until(FluentWait.java:272)\r\n\tat core.KeywordWeb.webDriverWaitForElementPresent(KeywordWeb.java:592)\r\n\tat com.browserstack.CheckoutPage.acceptAllCookies(CheckoutPage.java:38)\r\n\tat com.browserstack.SignUp.SignUpPage.goToFormSignup(SignUpPage.java:28)\r\n\tat com.browserstack.SignUp.SignUpTest.testCase_SU015(SignUpTest.java:105)\r\n\tat java.base/jdk.internal.reflect.DirectMethodHandleAccessor.invoke(DirectMethodHandleAccessor.java:104)\r\n\tat java.base/java.lang.reflect.Method.invoke(Method.java:578)\r\n\tat org.testng.internal.invokers.MethodInvocationHelper.invokeMethod(Unknown Source)\r\n\tat org.testng.internal.invokers.TestInvoker.a(Unknown Source)\r\n\tat org.testng.internal.invokers.TestInvoker.invokeTestMethod(Unknown Source)\r\n\tat org.testng.internal.invokers.MethodRunner.runInSequence(Unknown Source)\r\n\tat org.testng.internal.invokers.TestInvoker$MethodInvocationAgent.a(Unknown Source)\r\n\tat org.testng.internal.invokers.TestInvoker.invokeTestMethods(Unknown Source)\r\n\tat org.testng.internal.invokers.TestMethodWorker.invokeTestMethods(Unknown Source)\r\n\tat org.testng.internal.invokers.TestMethodWorker.run(Unknown Source)\r\n\tat java.base/java.util.ArrayList.forEach(ArrayList.java:1511)\r\n\tat org.testng.TestRunner.a(Unknown Source)\r\n\tat org.testng.TestRunner.run(Unknown Source)\r\n\tat org.testng.SuiteRunner.a(Unknown Source)\r\n\tat org.testng.SuiteRunner.a(Unknown Source)\r\n\tat org.testng.SuiteRunner$SuiteWorker.run(Unknown Source)\r\n\tat org.testng.internal.thread.ThreadUtil.a(Unknown Source)\r\n\tat java.base/java.util.concurrent.FutureTask.run(FutureTask.java:317)\r\n\tat java.base/java.util.concurrent.ThreadPoolExecutor.runWorker(ThreadPoolExecutor.java:1144)\r\n\tat java.base/java.util.concurrent.ThreadPoolExecutor$Worker.run(ThreadPoolExecutor.java:642)\r\n\tat java.base/java.lang.Thread.run(Thread.java:1589)\r\nCaused by: org.openqa.selenium.NoSuchElementException: An element could not be located on the page using the given search parameters.\nFor documentation on this error, please visit: https://www.seleniumhq.org/exceptions/no_such_element.html\nBuild info: version: '3.141.59', revision: 'e82be7d358', time: '2018-11-14T08:17:03'\nSystem info: host: 'ADMIN', ip: '192.168.31.64', os.name: 'Windows 10', os.arch: 'amd64', os.version: '10.0', java.version: '19'\nDriver info: org.openqa.selenium.safari.SafariDriver\nCapabilities {automationName: XCUITest, bootstrapPath: /usr/local/.browserstack/co..., browserName: safari, browserVersion: null, browserstack.isTargetBased: true, databaseEnabled: false, deviceName: iPhone 11, deviceOrientation: PORTRAIT, javascriptEnabled: true, keychainPassword: [REDACTED VALUE], keychainPath: [REDACTED VALUE], locationContextEnabled: false, networkConnectionEnabled: false, newCommandTimeout: 0, noReset: true, orientation: PORTRAIT, platform: MAC, platformName: MAC, realMobile: true, safariIgnoreFraudWarning: true, takesScreenshot: true, udid: 00008030-000250491A3B802E, useXctestrunFile: true, webStorageEnabled: false}\nSession ID: 6c2dccec203b9efd91028ba7eed5d51447038696\n*** Element info: {Using=xpath, value=//button[text()='Accept All Cookies']}\r\n\tat java.base/jdk.internal.reflect.DirectConstructorHandleAccessor.newInstance(DirectConstructorHandleAccessor.java:67)\r\n\tat java.base/java.lang.reflect.Constructor.newInstanceWithCaller(Constructor.java:500)\r\n\tat java.base/java.lang.reflect.Constructor.newInstance(Constructor.java:484)\r\n\tat org.openqa.selenium.remote.http.W3CHttpResponseCodec.createException(W3CHttpResponseCodec.java:187)\r\n\tat org.openqa.selenium.remote.http.W3CHttpResponseCodec.decode(W3CHttpResponseCodec.java:122)\r\n\tat org.openqa.selenium.remote.http.W3CHttpResponseCodec.decode(W3CHttpResponseCodec.java:49)\r\n\tat org.openqa.selenium.remote.HttpCommandExecutor.execute(HttpCommandExecutor.java:158)\r\n\tat org.openqa.selenium.remote.RemoteWebDriver.execute(RemoteWebDriver.java:552)\r\n\tat org.openqa.selenium.remote.RemoteWebDriver.findElement(RemoteWebDriver.java:323)\r\n\tat org.openqa.selenium.remote.RemoteWebDriver.findElementByXPath(RemoteWebDriver.java:428)\r\n\tat org.openqa.selenium.By$ByXPath.findElement(By.java:353)\r\n\tat org.openqa.selenium.remote.RemoteWebDriver.findElement(RemoteWebDriver.java:315)\r\n\tat org.openqa.selenium.support.ui.ExpectedConditions$6.apply(ExpectedConditions.java:182)\r\n\tat org.openqa.selenium.support.ui.ExpectedConditions$6.apply(ExpectedConditions.java:179)\r\n\tat org.openqa.selenium.support.ui.FluentWait.until(FluentWait.java:249)\r\n\t... 25 more\r\n"},"stage":"finished","steps":[],"attachments":[],"parameters":[{"name":"platform","value":"0"},{"name":"BSPlatform","value":"iPhone 11, 14"},{"name":"BSPlatform","value":"iPhone 11, 14"},{"name":"BSPlatform","value":"iPhone 11, 14"}],"start":1684487997787,"stop":1684488066636}